<?xml version="1.0" encoding="UTF-8"?>
<!-- Generated by org.testng.reporters.JUnitReportReporter -->
<testsuite hostname="Jonathan" failures="0" tests="6" name="scripts.CarvanaTestScript" time="55.627" errors="0" timestamp="20 Jun 2022 19:23:31 GMT" skipped="0">
  <testcase classname="scripts.CarvanaTestScript" name="testCarvanaHomeTitleUrl" time="6.368"/>
  <testcase classname="scripts.CarvanaTestScript" name="testCarvanaLogo" time="6.596"/>
  <testcase classname="scripts.CarvanaTestScript" name="testCarvanaMainNavigationSectionsItems" time="6.219"/>
  <testcase classname="scripts.CarvanaTestScript" name="testCarvanaSignInErrorMessage" time="8.267"/>
  <testcase classname="scripts.CarvanaTestScript" name="testCarvanaSearchFilterAndButton" time="11.382"/>
  <testcase classname="scripts.CarvanaTestScript" name="testCarvanaSearchResultTiles" time="16.795"/>
</testsuite> <!-- scripts.CarvanaTestScript -->
